<?xml version="1.0" encoding="UTF-8"?>
<testsuite xmlns:xsi="http://www.w3.org/2001/XMLSchema-instance" xsi:noNamespaceSchemaLocation="https://maven.apache.org/surefire/maven-surefire-plugin/xsd/surefire-test-report-3.0.xsd" version="3.0" name="BatalhaNavalTest" time="0.377" tests="21" errors="0" skipped="0" failures="0">
  <properties>
[...]
</properties>
  <testcase name="parseCoordenadaInvalidaLetraForaDoRange" classname="BatalhaNavalTest" time="0.094"/>
  <testcase name="tabuleiroCoordenadaFora" classname="BatalhaNavalTest" time="0.006"/>
  <testcase name="validadorFrotaCorreta" classname="BatalhaNavalTest" time="0.013"/>
  <testcase name="coordenadaInvalidaForaDoTabuleiro" classname="BatalhaNavalTest" time="0.018"/>
  <testcase name="navioAfundado" classname="BatalhaNavalTest" time="0.007"/>
  <testcase name="fimDeJogoQuandoFrotaAfundada" classname="BatalhaNavalTest" time="0.001"/>
  <testcase name="posicionamentoNavioEncostando" classname="BatalhaNavalTest" time="0.004"/>
  <testcase name="tabuleiroCoordenadaDentro" classname="BatalhaNavalTest" time="0.005"/>
  <testcase name="jogoNaoAcabouComNaviosVivos" classname="BatalhaNavalTest" time="0.001"/>
  <testcase name="posicionamentoNavioValido" classname="BatalhaNavalTest" time="0.003"/>
  <testcase name="navioRecebeAcertoEAfunda" classname="BatalhaNavalTest" time="0.002"/>
  <testcase name="tiroAcerto" classname="BatalhaNavalTest" time="0.004"/>
  <testcase name="parseCoordenadaInvalidaNumeroForaDoRange" classname="BatalhaNavalTest" time="0.001"/>
  <testcase name="coordenadaValidaDentroDoTabuleiro" classname="BatalhaNavalTest" time="0.001"/>
  <testcase name="posicionamentoNavioForaDoTabuleiro" classname="BatalhaNavalTest" time="0.005"/>
  <testcase name="tiroNaAgua" classname="BatalhaNavalTest" time="0.002"/>
  <testcase name="parseCoordenadaValida" classname="BatalhaNavalTest" time="0.008"/>
  <testcase name="validadorFrotaErrada" classname="BatalhaNavalTest" time="0.006"/>
  <testcase name="parseCoordenadaJ10Valida" classname="BatalhaNavalTest" time="0.0"/>
  <testcase name="coordenadaFormatada" classname="BatalhaNavalTest" time="0.025"/>
  <testcase name="jogoAlternarTurno" classname="BatalhaNavalTest" time="0.004"/>
</testsuite>